<?xml version="1.0" encoding="UTF-8"?>
<testsuite name="QuickGuide1/tests" tests="1" failures="0" skipped="0" hostname="ibm-prinkalgautam" time="0.067" timestamp="Mon Jul 10 15:36:04 IST 2023">
	<properties>
		<property name="excludeCallableTestCases" value="true"/>
		<property name="testEnvironment" value=""/>
		<property name="pluginOutputLevel" value="WARNING"/>
		<property name="projectPath" value=".."/>
		<property name="salesforceMetadataCache" value="Reload"/>
		<property name="resultsPathDisposition" value="Increment"/>
		<property name="testOutputLevel" value="INFO"/>
		<property name="webBrowserType" value="Chrome"/>
		<property name="resultsPath" value="../ANT/Results"/>
		<property name="webBrowserConfiguration" value="Full Screen"/>
		<property name="projectCachePath" value="C:\Users\prinkal.gautam\Provar\QuickGuide\QuickGuide1\ANT\..\..\.provarCaches"/>
	</properties>
	<testcase classname="tests/UOP\GitDemo.testcase" name="GitDemo.testcase" time="0.065">
	</testcase>
</testsuite>
